[2023-04-09 17:55:58] [info] [User: ] [Time to takes execute: 27.4714ms] [Endpoint: /api/v1/audio_book/language] post
[2023-04-09 17:56:39] [info] [User: ] [Time to takes execute: 71.2681ms] [Endpoint: /api/v1/audio_book/language] post
[2023-04-09 17:57:03] [info] [User: ] [Time to takes execute: 4.5834ms] [Endpoint: /api/v1/audio_book/language] post
[2023-04-09 17:57:11] [info] [User: ] [Time to takes execute: 3.8921ms] [Endpoint: /api/v1/audio_book/language] post
[2023-04-09 17:58:24] [info] [User: ] [Time to takes execute: 27.3115ms] [Endpoint: /api/v1/audio_book/language] post
[2023-04-09 17:59:39] [info] [User: ] [Time to takes execute: 30.3111ms] [Endpoint: /api/v1/audio_book/language] post
[2023-04-09 18:00:54] [info] [User: ] [Time to takes execute: 6.848ms] [Endpoint: /api/v1/audio_book/language] post
[2023-04-09 18:13:06] [info] [User: ] [Time to takes execute: 109.1864ms] [Endpoint: /api/v1/audio_book/language] post
[2023-04-09 18:14:57] [info] [User: ] [Time to takes execute: 6.7418ms] [Endpoint: /api/v1/audio_book/language] post
[2023-04-09 18:15:57] [info] [User: ] [Time to takes execute: 165.8044ms] [Endpoint: /api/v1/audio_book/user?phone=+91+918420400540] post
[2023-04-09 18:15:57] [info] [User: ] [Time to takes execute: 39.5537ms] [Endpoint: /api/v1/audio_book/user?phone=+91+918420400540] put
[2023-04-09 18:18:42] [info] [User: ] [Time to takes execute: 42.2304ms] [Endpoint: /api/v1/audio_book/user?phone=+91+918420400540] post
[2023-04-09 18:18:42] [info] [User: ] [Time to takes execute: 21.9062ms] [Endpoint: /api/v1/audio_book/user?phone=+91+918420400540] put
[2023-04-09 18:20:15] [info] [User: ] [Time to takes execute: 9.4195ms] [Endpoint: /api/v1/audio_book/user?phone=+91+918420400540] post
[2023-04-09 18:20:15] [info] [User: ] [Time to takes execute: 6.6672ms] [Endpoint: /api/v1/audio_book/user?phone=+91+918420400540] put
[2023-04-09 18:20:54] [info] [User: ] [Time to takes execute: 6.55ms] [Endpoint: /api/v1/audio_book/user?phone=+91+918420400540] post
[2023-04-09 18:20:55] [info] [User: ] [Time to takes execute: 50.8678ms] [Endpoint: /api/v1/audio_book/user?phone=+91+918420400540] put
[2023-04-09 18:25:49] [info] [User: ] [Time to takes execute: 16.737ms] [Endpoint: /api/v1/audio_book/user?phone=+91+918420400540] post
[2023-04-09 18:25:49] [info] [User: ] [Time to takes execute: 13.0359ms] [Endpoint: /api/v1/audio_book/user?phone=+91+918420400540] put
[2023-04-09 18:26:19] [info] [User: ] [Time to takes execute: 17.9574ms] [Endpoint: /api/v1/audio_book/user?phone=+918420400540] post
[2023-04-09 18:26:19] [info] [User: ] [Time to takes execute: 5.3162ms] [Endpoint: /api/v1/audio_book/user?phone=+918420400540] put
[2023-04-09 18:27:20] [info] [User: ] [Time to takes execute: 10.4437ms] [Endpoint: /api/v1/audio_book/user?phone=+918420400540] post
[2023-04-09 18:27:20] [info] [User: ] [Time to takes execute: 4.4256ms] [Endpoint: /api/v1/audio_book/user?phone=+918420400540] put
[2023-04-09 18:27:49] [info] [User: ] [Time to takes execute: 10.8928ms] [Endpoint: /api/v1/audio_book/user?phone=+918420400540] post
[2023-04-09 18:27:50] [info] [User: ] [Time to takes execute: 147.9658ms] [Endpoint: /api/v1/audio_book/user] post
[2023-04-09 18:28:10] [info] [User: ] [Time to takes execute: 16.2341ms] [Endpoint: /api/v1/audio_book/user?phone=+918420400540] post
[2023-04-09 18:28:10] [info] [User: ] [Time to takes execute: 16.2851ms] [Endpoint: /api/v1/audio_book/user] post
[2023-04-09 18:30:42] [info] [User: ] [Time to takes execute: 19.9818ms] [Endpoint: /api/v1/audio_book/user?phone=8420400540] post
[2023-04-09 18:30:42] [info] [User: ] [Time to takes execute: 39.864ms] [Endpoint: /api/v1/audio_book/user] post
[2023-04-09 18:30:54] [info] [User: ] [Time to takes execute: 6.7949ms] [Endpoint: /api/v1/audio_book/user?phone=8420400540] post
[2023-04-09 18:30:54] [info] [User: ] [Time to takes execute: 24.3364ms] [Endpoint: /api/v1/audio_book/user?phone=+918420400540] put
[2023-04-09 18:32:21] [info] [User: ] [Time to takes execute: 15.234ms] [Endpoint: /api/v1/audio_book/user?phone=8420400540] post
[2023-04-09 18:32:21] [info] [User: ] [Time to takes execute: 11.0868ms] [Endpoint: /api/v1/audio_book/user?phone=+918420400540] put
[2023-04-09 18:33:33] [info] [User: ] [Time to takes execute: 87.5849ms] [Endpoint: /api/v1/audio_book/user?phone=8420400540] post
[2023-04-09 18:33:34] [info] [User: ] [Time to takes execute: 13.6227ms] [Endpoint: /api/v1/audio_book/user?phone=8420400540] put
[2023-04-09 19:05:38] [info] [User: ] [Time to takes execute: 45.6461ms] [Endpoint: /api/v1/audio_book/language] post
[2023-04-09 19:05:45] [info] [User: ] [Time to takes execute: 56.0587ms] [Endpoint: /api/v1/audio_book/user?phone=8420400540] post
[2023-04-09 19:07:00] [info] [User: ] [Time to takes execute: 9.3853ms] [Endpoint: /api/v1/audio_book/user?phone=8420400540] post
[2023-04-09 19:07:25] [info] [User: ] [Time to takes execute: 17.4733ms] [Endpoint: /api/v1/audio_book/user?phone=8420400540] post
[2023-04-09 19:08:33] [info] [User: ] [Time to takes execute: 21.0524ms] [Endpoint: /api/v1/audio_book/user?phone=8420400540] post
[2023-04-09 19:08:33] [info] [User: ] [Time to takes execute: 46.4441ms] [Endpoint: /api/v1/audio_book/user?phone=8420400540] put
