[2023-03-05 07:55:37] [info] [User: ] [Time to takes execute: 1.1016ms] [Endpoint: /api/v1/audio_book/language?language=Hindi&status=1] post
[2023-03-05 07:56:48] [info] [User: ] [Time to takes execute: 1.7623ms] [Endpoint: /api/v1/audio_book/language_categories?language=Hindi&status=1] post
[2023-03-05 07:56:59] [info] [User: ] [Time to takes execute: 0.3707ms] [Endpoint: /api/v1/audio_book/language_categories?language=Hindi&status=1] post
[2023-03-05 07:57:01] [info] [User: ] [Time to takes execute: 0.2408ms] [Endpoint: /api/v1/audio_book/language_categories?language=Hindi&status=1] post
[2023-03-05 07:57:42] [info] [User: ] [Time to takes execute: 2.1833ms] [Endpoint: /api/v1/audio_book/language_categories?language=Hindi&status=1] post
[2023-03-05 07:57:52] [info] [User: ] [Time to takes execute: 0.7729ms] [Endpoint: /api/v1/audio_book/language_categories?language=Hindi&status=1] post
[2023-03-05 07:59:52] [info] [User: ] [Time to takes execute: 2.0473ms] [Endpoint: /api/v1/audio_book/language?language=Hindi&status=1] post
[2023-03-05 07:59:53] [info] [User: ] [Time to takes execute: 0.3964ms] [Endpoint: /api/v1/audio_book/language?language=Hindi&status=1] post
[2023-03-05 07:59:54] [info] [User: ] [Time to takes execute: 0.3079ms] [Endpoint: /api/v1/audio_book/language?language=Hindi&status=1] post
[2023-03-05 08:01:28] [info] [User: ] [Time to takes execute: 10.1322ms] [Endpoint: /api/v1/audio_book/language?language=Hindi&status=1] post
[2023-03-05 08:04:36] [info] [User: ] [Time to takes execute: 11.3639ms] [Endpoint: /api/v1/audio_book/language?language_categories=Hindi] post
[2023-03-05 08:04:38] [info] [User: ] [Time to takes execute: 3.1121ms] [Endpoint: /api/v1/audio_book/language?language_categories=Hindi] post
[2023-03-05 08:05:02] [info] [User: ] [Time to takes execute: 0.9341ms] [Endpoint: /api/v1/audio_book/language?language_categories=Hindi] post
[2023-03-05 08:05:35] [info] [User: ] [Time to takes execute: 1.4691ms] [Endpoint: /api/v1/audio_book/language?language_categories=Hindi] post
[2023-03-05 08:06:26] [info] [User: ] [Time to takes execute: 1.8849ms] [Endpoint: /api/v1/audio_book/language_categories?language=Hindi] post
[2023-03-05 08:07:06] [info] [User: ] [Time to takes execute: 1.8501ms] [Endpoint: /api/v1/audio_book/language_categories?language=Hindi] post
[2023-03-05 08:08:33] [info] [User: ] [Time to takes execute: 16.4729ms] [Endpoint: /api/v1/audio_book/language?language=Hindi] post
[2023-03-05 08:11:04] [info] [User: ] [Time to takes execute: 6.1099ms] [Endpoint: /api/v1/audio_book/language?language=Hindi] post
[2023-03-05 08:11:52] [info] [User: ] [Time to takes execute: 0.7526ms] [Endpoint: /api/v1/audio_book/language_categories?language=Hindi] post
[2023-03-05 08:12:37] [info] [User: ] [Time to takes execute: 1.3869ms] [Endpoint: /api/v1/audio_book/language_categories?language=Hindi] post
[2023-03-05 08:16:45] [info] [User: ] [Time to takes execute: 20.4159ms] [Endpoint: /api/v1/audio_book/language?language=Hindi] post
[2023-03-05 08:17:51] [info] [User: ] [Time to takes execute: 17.5097ms] [Endpoint: /api/v1/audio_book/language?language=Hindi] post
[2023-03-05 08:18:39] [info] [User: ] [Time to takes execute: 20.0389ms] [Endpoint: /api/v1/audio_book/language?language=Hindi] post
[2023-03-05 08:19:36] [info] [User: ] [Time to takes execute: 17.2539ms] [Endpoint: /api/v1/audio_book/language?language=Hindi] post
[2023-03-05 08:22:02] [info] [User: ] [Time to takes execute: 2.6754ms] [Endpoint: /api/v1/audio_book/language?language=Hindi] post
[2023-03-05 08:23:11] [info] [User: ] [Time to takes execute: 42.2131ms] [Endpoint: /api/v1/audio_book/language?language=Hindi] post
[2023-03-05 12:57:54] [info] [User: ] [Time to takes execute: 5.4068ms] [Endpoint: /api/v1/audio_book/language] post
[2023-03-05 12:58:49] [info] [User: ] [Time to takes execute: 31.6783ms] [Endpoint: /api/v1/audio_book/language] post
[2023-03-05 13:00:09] [info] [User: ] [Time to takes execute: 77.0963ms] [Endpoint: /api/v1/audio_book/language] post
[2023-03-05 13:00:58] [info] [User: ] [Time to takes execute: 27.3104ms] [Endpoint: /api/v1/audio_book/language] post
[2023-03-05 13:05:05] [info] [User: ] [Time to takes execute: 7.7603ms] [Endpoint: /api/v1/audio_book/language] post
